<?xml version="1.0" encoding="UTF-8"?>
<testng-results ignored="0" total="1" passed="1" failed="0" skipped="0">
  <reporter-output>
  </reporter-output>
  <suite started-at="2023-11-28T05:01:05Z" name="Default suite" finished-at="2023-11-28T05:01:11Z" duration-ms="5440">
    <groups>
    </groups>
    <test started-at="2023-11-28T05:01:05Z" name="Default test" finished-at="2023-11-28T05:01:11Z" duration-ms="5440">
      <class name="PDFReaderTest">
        <test-method signature="readPDFTest()[pri:0, instance:PDFReaderTest@1dac5ef]" started-at="2023-11-28T10:31:05Z" name="readPDFTest" finished-at="2023-11-28T10:31:11Z" duration-ms="5416" status="PASS">
          <reporter-output>
          </reporter-output>
        </test-method> <!-- readPDFTest -->
      </class> <!-- PDFReaderTest -->
    </test> <!-- Default test -->
  </suite> <!-- Default suite -->
</testng-results>
